# JRE version: Java(TM) SE Runtime Environment (8.0_45-b14) (build 1.8.0_45-b14)
# Java VM: Java HotSpot(TM) 64-Bit Server VM (25.45-b02 mixed mode linux-amd64 compressed oops)
Heap:
 def new generation   total 101824K, used 0K [0x00000000c2200000, 0x00000000c9070000, 0x00000000d6c00000)
  eden space 90560K,   0% used [0x00000000c2200000, 0x00000000c2200000, 0x00000000c7a70000)
  from space 11264K,   0% used [0x00000000c7a70000, 0x00000000c7a70000, 0x00000000c8570000)
  to   space 11264K,   0% used [0x00000000c8570000, 0x00000000c8570000, 0x00000000c9070000)
 tenured generation   total 226660K, used 190084K [0x00000000d6c00000, 0x00000000e4959000, 0x0000000100000000)
   the space 226660K,  83% used [0x00000000d6c00000, 0x00000000e25a1120, 0x00000000e25a1200, 0x00000000e4959000)
 Metaspace       used 73292K, capacity 76832K, committed 77184K, reserved 1118208K
  class space    used 7851K, capacity 8647K, committed 8832K, reserved 1048576K
GC Heap History (10 events):
Event: 236.639 GC heap after
Heap after GC invocations=337 (full 9):
 def new generation   total 101824K, used 476K [0x00000000c2200000, 0x00000000c9070000, 0x00000000d6c00000)
  eden space 90560K,   0% used [0x00000000c2200000, 0x00000000c2200000, 0x00000000c7a70000)
  from space 11264K,   4% used [0x00000000c8570000, 0x00000000c85e73e8, 0x00000000c9070000)
  to   space 11264K,   0% used [0x00000000c7a70000, 0x00000000c7a70000, 0x00000000c8570000)
 tenured generation   total 226084K, used 150761K [0x00000000d6c00000, 0x00000000e48c9000, 0x0000000100000000)
   the space 226084K,  66% used [0x00000000d6c00000, 0x00000000dff3a498, 0x00000000dff3a600, 0x00000000e48c9000)
 Metaspace       used 73276K, capacity 76832K, committed 77184K, reserved 1118208K
  class space    used 7851K, capacity 8647K, committed 8832K, reserved 1048576K
}
Event: 237.227 GC heap before
{Heap before GC invocations=337 (full 9):
 def new generation   total 101824K, used 91036K [0x00000000c2200000, 0x00000000c9070000, 0x00000000d6c00000)
  eden space 90560K, 100% used [0x00000000c2200000, 0x00000000c7a70000, 0x00000000c7a70000)
  from space 11264K,   4% used [0x00000000c8570000, 0x00000000c85e73e8, 0x00000000c9070000)
  to   space 11264K,   0% used [0x00000000c7a70000, 0x00000000c7a70000, 0x00000000c8570000)
 tenured generation   total 226084K, used 150761K [0x00000000d6c00000, 0x00000000e48c9000, 0x0000000100000000)
   the space 226084K,  66% used [0x00000000d6c00000, 0x00000000dff3a498, 0x00000000dff3a600, 0x00000000e48c9000)
 Metaspace       used 73282K, capacity 76832K, committed 77184K, reserved 1118208K
  class space    used 7851K, capacity 8647K, committed 8832K, reserved 1048576K
Event: 237.240 GC heap after
Heap after GC invocations=338 (full 9):
 def new generation   total 101824K, used 4984K [0x00000000c2200000, 0x00000000c9070000, 0x00000000d6c00000)
  eden space 90560K,   0% used [0x00000000c2200000, 0x00000000c2200000, 0x00000000c7a70000)
  from space 11264K,  44% used [0x00000000c7a70000, 0x00000000c7f4e078, 0x00000000c8570000)
  to   space 11264K,   0% used [0x00000000c8570000, 0x00000000c8570000, 0x00000000c9070000)
 tenured generation   total 226084K, used 150761K [0x00000000d6c00000, 0x00000000e48c9000, 0x0000000100000000)
   the space 226084K,  66% used [0x00000000d6c00000, 0x00000000dff3a498, 0x00000000dff3a600, 0x00000000e48c9000)
 Metaspace       used 73282K, capacity 76832K, committed 77184K, reserved 1118208K
  class space    used 7851K, capacity 8647K, committed 8832K, reserved 1048576K
}
Event: 238.243 GC heap before
{Heap before GC invocations=338 (full 9):
 def new generation   total 101824K, used 95544K [0x00000000c2200000, 0x00000000c9070000, 0x00000000d6c00000)
  eden space 90560K, 100% used [0x00000000c2200000, 0x00000000c7a70000, 0x00000000c7a70000)
  from space 11264K,  44% used [0x00000000c7a70000, 0x00000000c7f4e078, 0x00000000c8570000)
  to   space 11264K,   0% used [0x00000000c8570000, 0x00000000c8570000, 0x00000000c9070000)
 tenured generation   total 226084K, used 150761K [0x00000000d6c00000, 0x00000000e48c9000, 0x0000000100000000)
   the space 226084K,  66% used [0x00000000d6c00000, 0x00000000dff3a498, 0x00000000dff3a600, 0x00000000e48c9000)
 Metaspace       used 73288K, capacity 76832K, committed 77184K, reserved 1118208K
  class space    used 7851K, capacity 8647K, committed 8832K, reserved 1048576K
Event: 238.304 GC heap after
Heap after GC invocations=339 (full 9):
 def new generation   total 101824K, used 11264K [0x00000000c2200000, 0x00000000c9070000, 0x00000000d6c00000)
  eden space 90560K,   0% used [0x00000000c2200000, 0x00000000c2200000, 0x00000000c7a70000)
  from space 11264K, 100% used [0x00000000c8570000, 0x00000000c9070000, 0x00000000c9070000)
  to   space 11264K,   0% used [0x00000000c7a70000, 0x00000000c7a70000, 0x00000000c8570000)
 tenured generation   total 226084K, used 168545K [0x00000000d6c00000, 0x00000000e48c9000, 0x0000000100000000)
   the space 226084K,  74% used [0x00000000d6c00000, 0x00000000e1098720, 0x00000000e1098800, 0x00000000e48c9000)
 Metaspace       used 73288K, capacity 76832K, committed 77184K, reserved 1118208K
  class space    used 7851K, capacity 8647K, committed 8832K, reserved 1048576K
}
Event: 239.507 GC heap before
{Heap before GC invocations=339 (full 9):
 def new generation   total 101824K, used 101824K [0x00000000c2200000, 0x00000000c9070000, 0x00000000d6c00000)
  eden space 90560K, 100% used [0x00000000c2200000, 0x00000000c7a70000, 0x00000000c7a70000)
  from space 11264K, 100% used [0x00000000c8570000, 0x00000000c9070000, 0x00000000c9070000)
  to   space 11264K,   0% used [0x00000000c7a70000, 0x00000000c7a70000, 0x00000000c8570000)
 tenured generation   total 226084K, used 168545K [0x00000000d6c00000, 0x00000000e48c9000, 0x0000000100000000)
   the space 226084K,  74% used [0x00000000d6c00000, 0x00000000e1098720, 0x00000000e1098800, 0x00000000e48c9000)
 Metaspace       used 73288K, capacity 76832K, committed 77184K, reserved 1118208K
  class space    used 7851K, capacity 8647K, committed 8832K, reserved 1048576K
Event: 239.567 GC heap after
Heap after GC invocations=340 (full 9):
 def new generation   total 101824K, used 11263K [0x00000000c2200000, 0x00000000c9070000, 0x00000000d6c00000)
  eden space 90560K,   0% used [0x00000000c2200000, 0x00000000c2200000, 0x00000000c7a70000)
  from space 11264K,  99% used [0x00000000c7a70000, 0x00000000c856fff0, 0x00000000c8570000)
  to   space 11264K,   0% used [0x00000000c8570000, 0x00000000c8570000, 0x00000000c9070000)
 tenured generation   total 226084K, used 192588K [0x00000000d6c00000, 0x00000000e48c9000, 0x0000000100000000)
   the space 226084K,  85% used [0x00000000d6c00000, 0x00000000e28133c0, 0x00000000e2813400, 0x00000000e48c9000)
 Metaspace       used 73288K, capacity 76832K, committed 77184K, reserved 1118208K
  class space    used 7851K, capacity 8647K, committed 8832K, reserved 1048576K
}
Event: 240.617 GC heap before
{Heap before GC invocations=340 (full 9):
 def new generation   total 101824K, used 101823K [0x00000000c2200000, 0x00000000c9070000, 0x00000000d6c00000)
  eden space 90560K, 100% used [0x00000000c2200000, 0x00000000c7a70000, 0x00000000c7a70000)
  from space 11264K,  99% used [0x00000000c7a70000, 0x00000000c856fff0, 0x00000000c8570000)
  to   space 11264K,   0% used [0x00000000c8570000, 0x00000000c8570000, 0x00000000c9070000)
 tenured generation   total 226084K, used 192588K [0x00000000d6c00000, 0x00000000e48c9000, 0x0000000100000000)
   the space 226084K,  85% used [0x00000000d6c00000, 0x00000000e28133c0, 0x00000000e2813400, 0x00000000e48c9000)
 Metaspace       used 73292K, capacity 76832K, committed 77184K, reserved 1118208K
  class space    used 7851K, capacity 8647K, committed 8832K, reserved 1048576K
Event: 240.663 GC heap after
Heap after GC invocations=341 (full 9):
 def new generation   total 101824K, used 11264K [0x00000000c2200000, 0x00000000c9070000, 0x00000000d6c00000)
  eden space 90560K,   0% used [0x00000000c2200000, 0x00000000c2200000, 0x00000000c7a70000)
  from space 11264K, 100% used [0x00000000c8570000, 0x00000000c9070000, 0x00000000c9070000)
  to   space 11264K,   0% used [0x00000000c7a70000, 0x00000000c7a70000, 0x00000000c8570000)
 tenured generation   total 226084K, used 209238K [0x00000000d6c00000, 0x00000000e48c9000, 0x0000000100000000)
   the space 226084K,  92% used [0x00000000d6c00000, 0x00000000e3855960, 0x00000000e3855a00, 0x00000000e48c9000)
 Metaspace       used 73292K, capacity 76832K, committed 77184K, reserved 1118208K
  class space    used 7851K, capacity 8647K, committed 8832K, reserved 1048576K
}
Event: 241.615 GC heap before
{Heap before GC invocations=341 (full 9):
 def new generation   total 101824K, used 101824K [0x00000000c2200000, 0x00000000c9070000, 0x00000000d6c00000)
  eden space 90560K, 100% used [0x00000000c2200000, 0x00000000c7a70000, 0x00000000c7a70000)
  from space 11264K, 100% used [0x00000000c8570000, 0x00000000c9070000, 0x00000000c9070000)
  to   space 11264K,   0% used [0x00000000c7a70000, 0x00000000c7a70000, 0x00000000c8570000)
 tenured generation   total 226084K, used 209238K [0x00000000d6c00000, 0x00000000e48c9000, 0x0000000100000000)
   the space 226084K,  92% used [0x00000000d6c00000, 0x00000000e3855960, 0x00000000e3855a00, 0x00000000e48c9000)
 Metaspace       used 73292K, capacity 76832K, committed 77184K, reserved 1118208K
  class space    used 7851K, capacity 8647K, committed 8832K, reserved 1048576K

