# JRE version: Java(TM) SE Runtime Environment (8.0_45-b14) (build 1.8.0_45-b14)
# Java VM: Java HotSpot(TM) 64-Bit Server VM (25.45-b02 mixed mode linux-amd64 compressed oops)
Heap:
 def new generation   total 118784K, used 0K [0x00000000c2200000, 0x00000000ca2e0000, 0x00000000d6c00000)
  eden space 105600K,   0% used [0x00000000c2200000, 0x00000000c2200000, 0x00000000c8920000)
  from space 13184K,   0% used [0x00000000c9600000, 0x00000000c9600000, 0x00000000ca2e0000)
  to   space 13184K,   0% used [0x00000000c8920000, 0x00000000c8920000, 0x00000000c9600000)
 tenured generation   total 265060K, used 205798K [0x00000000d6c00000, 0x00000000e6ed9000, 0x0000000100000000)
   the space 265060K,  77% used [0x00000000d6c00000, 0x00000000e34f9828, 0x00000000e34f9a00, 0x00000000e6ed9000)
 Metaspace       used 54839K, capacity 57206K, committed 58752K, reserved 1101824K
  class space    used 5746K, capacity 6265K, committed 6528K, reserved 1048576K
GC Heap History (10 events):
Event: 166.554 GC heap after
Heap after GC invocations=309 (full 10):
 def new generation   total 118784K, used 0K [0x00000000c2200000, 0x00000000ca2e0000, 0x00000000d6c00000)
  eden space 105600K,   0% used [0x00000000c2200000, 0x00000000c2200000, 0x00000000c8920000)
  from space 13184K,   0% used [0x00000000c8920000, 0x00000000c8920000, 0x00000000c9600000)
  to   space 13184K,   0% used [0x00000000c9600000, 0x00000000c9600000, 0x00000000ca2e0000)
 tenured generation   total 263908K, used 158344K [0x00000000d6c00000, 0x00000000e6db9000, 0x0000000100000000)
   the space 263908K,  59% used [0x00000000d6c00000, 0x00000000e06a2250, 0x00000000e06a2400, 0x00000000e6db9000)
 Metaspace       used 54824K, capacity 57192K, committed 58752K, reserved 1101824K
  class space    used 5744K, capacity 6263K, committed 6528K, reserved 1048576K
}
Event: 167.750 GC heap before
{Heap before GC invocations=309 (full 10):
 def new generation   total 118784K, used 105596K [0x00000000c2200000, 0x00000000ca2e0000, 0x00000000d6c00000)
  eden space 105600K,  99% used [0x00000000c2200000, 0x00000000c891f2e0, 0x00000000c8920000)
  from space 13184K,   0% used [0x00000000c8920000, 0x00000000c8920000, 0x00000000c9600000)
  to   space 13184K,   0% used [0x00000000c9600000, 0x00000000c9600000, 0x00000000ca2e0000)
 tenured generation   total 263908K, used 158344K [0x00000000d6c00000, 0x00000000e6db9000, 0x0000000100000000)
   the space 263908K,  59% used [0x00000000d6c00000, 0x00000000e06a2250, 0x00000000e06a2400, 0x00000000e6db9000)
 Metaspace       used 54824K, capacity 57192K, committed 58752K, reserved 1101824K
  class space    used 5744K, capacity 6263K, committed 6528K, reserved 1048576K
Event: 167.824 GC heap after
Heap after GC invocations=310 (full 10):
 def new generation   total 118784K, used 13184K [0x00000000c2200000, 0x00000000ca2e0000, 0x00000000d6c00000)
  eden space 105600K,   0% used [0x00000000c2200000, 0x00000000c2200000, 0x00000000c8920000)
  from space 13184K, 100% used [0x00000000c9600000, 0x00000000ca2e0000, 0x00000000ca2e0000)
  to   space 13184K,   0% used [0x00000000c8920000, 0x00000000c8920000, 0x00000000c9600000)
 tenured generation   total 263908K, used 167738K [0x00000000d6c00000, 0x00000000e6db9000, 0x0000000100000000)
   the space 263908K,  63% used [0x00000000d6c00000, 0x00000000e0fcea58, 0x00000000e0fcec00, 0x00000000e6db9000)
 Metaspace       used 54824K, capacity 57192K, committed 58752K, reserved 1101824K
  class space    used 5744K, capacity 6263K, committed 6528K, reserved 1048576K
}
Event: 168.930 GC heap before
{Heap before GC invocations=310 (full 10):
 def new generation   total 118784K, used 118784K [0x00000000c2200000, 0x00000000ca2e0000, 0x00000000d6c00000)
  eden space 105600K, 100% used [0x00000000c2200000, 0x00000000c8920000, 0x00000000c8920000)
  from space 13184K, 100% used [0x00000000c9600000, 0x00000000ca2e0000, 0x00000000ca2e0000)
  to   space 13184K,   0% used [0x00000000c8920000, 0x00000000c8920000, 0x00000000c9600000)
 tenured generation   total 263908K, used 167738K [0x00000000d6c00000, 0x00000000e6db9000, 0x0000000100000000)
   the space 263908K,  63% used [0x00000000d6c00000, 0x00000000e0fcea58, 0x00000000e0fcec00, 0x00000000e6db9000)
 Metaspace       used 54824K, capacity 57192K, committed 58752K, reserved 1101824K
  class space    used 5744K, capacity 6263K, committed 6528K, reserved 1048576K
Event: 169.038 GC heap after
Heap after GC invocations=311 (full 10):
 def new generation   total 118784K, used 13184K [0x00000000c2200000, 0x00000000ca2e0000, 0x00000000d6c00000)
  eden space 105600K,   0% used [0x00000000c2200000, 0x00000000c2200000, 0x00000000c8920000)
  from space 13184K, 100% used [0x00000000c8920000, 0x00000000c9600000, 0x00000000c9600000)
  to   space 13184K,   0% used [0x00000000c9600000, 0x00000000c9600000, 0x00000000ca2e0000)
 tenured generation   total 263908K, used 189806K [0x00000000d6c00000, 0x00000000e6db9000, 0x0000000100000000)
   the space 263908K,  71% used [0x00000000d6c00000, 0x00000000e255b9a0, 0x00000000e255ba00, 0x00000000e6db9000)
 Metaspace       used 54824K, capacity 57192K, committed 58752K, reserved 1101824K
  class space    used 5744K, capacity 6263K, committed 6528K, reserved 1048576K
}
Event: 170.238 GC heap before
{Heap before GC invocations=311 (full 10):
 def new generation   total 118784K, used 118784K [0x00000000c2200000, 0x00000000ca2e0000, 0x00000000d6c00000)
  eden space 105600K, 100% used [0x00000000c2200000, 0x00000000c8920000, 0x00000000c8920000)
  from space 13184K, 100% used [0x00000000c8920000, 0x00000000c9600000, 0x00000000c9600000)
  to   space 13184K,   0% used [0x00000000c9600000, 0x00000000c9600000, 0x00000000ca2e0000)
 tenured generation   total 263908K, used 189806K [0x00000000d6c00000, 0x00000000e6db9000, 0x0000000100000000)
   the space 263908K,  71% used [0x00000000d6c00000, 0x00000000e255b9a0, 0x00000000e255ba00, 0x00000000e6db9000)
 Metaspace       used 54828K, capacity 57192K, committed 58752K, reserved 1101824K
  class space    used 5745K, capacity 6263K, committed 6528K, reserved 1048576K
Event: 170.316 GC heap after
Heap after GC invocations=312 (full 10):
 def new generation   total 118784K, used 13184K [0x00000000c2200000, 0x00000000ca2e0000, 0x00000000d6c00000)
  eden space 105600K,   0% used [0x00000000c2200000, 0x00000000c2200000, 0x00000000c8920000)
  from space 13184K, 100% used [0x00000000c9600000, 0x00000000ca2e0000, 0x00000000ca2e0000)
  to   space 13184K,   0% used [0x00000000c8920000, 0x00000000c8920000, 0x00000000c9600000)
 tenured generation   total 263908K, used 215799K [0x00000000d6c00000, 0x00000000e6db9000, 0x0000000100000000)
   the space 263908K,  81% used [0x00000000d6c00000, 0x00000000e3ebde30, 0x00000000e3ebe000, 0x00000000e6db9000)
 Metaspace       used 54828K, capacity 57192K, committed 58752K, reserved 1101824K
  class space    used 5745K, capacity 6263K, committed 6528K, reserved 1048576K
}
Event: 171.648 GC heap before
{Heap before GC invocations=312 (full 10):
 def new generation   total 118784K, used 118784K [0x00000000c2200000, 0x00000000ca2e0000, 0x00000000d6c00000)
  eden space 105600K, 100% used [0x00000000c2200000, 0x00000000c8920000, 0x00000000c8920000)
  from space 13184K, 100% used [0x00000000c9600000, 0x00000000ca2e0000, 0x00000000ca2e0000)
  to   space 13184K,   0% used [0x00000000c8920000, 0x00000000c8920000, 0x00000000c9600000)
 tenured generation   total 263908K, used 215799K [0x00000000d6c00000, 0x00000000e6db9000, 0x0000000100000000)
   the space 263908K,  81% used [0x00000000d6c00000, 0x00000000e3ebde30, 0x00000000e3ebe000, 0x00000000e6db9000)
 Metaspace       used 54828K, capacity 57192K, committed 58752K, reserved 1101824K
  class space    used 5745K, capacity 6263K, committed 6528K, reserved 1048576K
Event: 171.765 GC heap after
Heap after GC invocations=313 (full 10):
 def new generation   total 118784K, used 13183K [0x00000000c2200000, 0x00000000ca2e0000, 0x00000000d6c00000)
  eden space 105600K,   0% used [0x00000000c2200000, 0x00000000c2200000, 0x00000000c8920000)
  from space 13184K,  99% used [0x00000000c8920000, 0x00000000c95ffff8, 0x00000000c9600000)
  to   space 13184K,   0% used [0x00000000c9600000, 0x00000000c9600000, 0x00000000ca2e0000)
 tenured generation   total 263908K, used 240600K [0x00000000d6c00000, 0x00000000e6db9000, 0x0000000100000000)
   the space 263908K,  91% used [0x00000000d6c00000, 0x00000000e56f6298, 0x00000000e56f6400, 0x00000000e6db9000)
 Metaspace       used 54828K, capacity 57192K, committed 58752K, reserved 1101824K
  class space    used 5745K, capacity 6263K, committed 6528K, reserved 1048576K
}
Event: 173.380 GC heap before
{Heap before GC invocations=313 (full 10):
 def new generation   total 118784K, used 118783K [0x00000000c2200000, 0x00000000ca2e0000, 0x00000000d6c00000)
  eden space 105600K, 100% used [0x00000000c2200000, 0x00000000c8920000, 0x00000000c8920000)
  from space 13184K,  99% used [0x00000000c8920000, 0x00000000c95ffff8, 0x00000000c9600000)
  to   space 13184K,   0% used [0x00000000c9600000, 0x00000000c9600000, 0x00000000ca2e0000)
 tenured generation   total 263908K, used 240600K [0x00000000d6c00000, 0x00000000e6db9000, 0x0000000100000000)
   the space 263908K,  91% used [0x00000000d6c00000, 0x00000000e56f6298, 0x00000000e56f6400, 0x00000000e6db9000)
 Metaspace       used 54839K, capacity 57206K, committed 58752K, reserved 1101824K
  class space    used 5746K, capacity 6265K, committed 6528K, reserved 1048576K

